Using pre-set license
Built from '2022.3/staging' branch; Version is '2022.3.59f1 (630718f645a5) revision 6489880'; Using compiler version '192829333'; Build Type 'Release'
OS: 'Windows 11  (10.0.26100) 64bit Core' Language: 'ja' Physical Memory: 15638 MB
BatchMode: 1, IsHumanControllingUs: 0, StartBugReporterOnCrash: 0, Is64bit: 1, IsPro: 1

COMMAND LINE ARGUMENTS:
C:\Program Files\Unity\Hub\Editor\2022.3.59f1\Editor\Unity.exe
-adb2
-batchMode
-noUpm
-name
AssetImportWorker9
-projectPath
C:/Users/arcsa/Unity/PECO
-logFile
Logs/AssetImportWorker9.log
-srvPort
49338
Successfully changed project path to: C:/Users/arcsa/Unity/PECO
C:/Users/arcsa/Unity/PECO
[UnityMemory] Configuration Parameters - Can be set up in boot.config
    "memorysetup-bucket-allocator-granularity=16"
    "memorysetup-bucket-allocator-bucket-count=8"
    "memorysetup-bucket-allocator-block-size=33554432"
    "memorysetup-bucket-allocator-block-count=8"
    "memorysetup-main-allocator-block-size=16777216"
    "memorysetup-thread-allocator-block-size=16777216"
    "memorysetup-gfx-main-allocator-block-size=16777216"
    "memorysetup-gfx-thread-allocator-block-size=16777216"
    "memorysetup-cache-allocator-block-size=4194304"
    "memorysetup-typetree-allocator-block-size=2097152"
    "memorysetup-profiler-bucket-allocator-granularity=16"
    "memorysetup-profiler-bucket-allocator-bucket-count=8"
    "memorysetup-profiler-bucket-allocator-block-size=33554432"
    "memorysetup-profiler-bucket-allocator-block-count=8"
    "memorysetup-profiler-allocator-block-size=16777216"
    "memorysetup-profiler-editor-allocator-block-size=1048576"
    "memorysetup-temp-allocator-size-main=16777216"
    "memorysetup-job-temp-allocator-block-size=2097152"
    "memorysetup-job-temp-allocator-block-size-background=1048576"
    "memorysetup-job-temp-allocator-reduction-small-platforms=262144"
    "memorysetup-allocator-temp-initial-block-size-main=262144"
    "memorysetup-allocator-temp-initial-block-size-worker=262144"
    "memorysetup-temp-allocator-size-background-worker=32768"
    "memorysetup-temp-allocator-size-job-worker=262144"
    "memorysetup-temp-allocator-size-preload-manager=33554432"
    "memorysetup-temp-allocator-size-nav-mesh-worker=65536"
    "memorysetup-temp-allocator-size-audio-worker=65536"
    "memorysetup-temp-allocator-size-cloud-worker=32768"
    "memorysetup-temp-allocator-size-gi-baking-worker=262144"
    "memorysetup-temp-allocator-size-gfx=262144"
Player connection [24540]  Target information:

Player connection [24540]  * "[IP] 172.23.80.1 [Port] 0 [Flags] 2 [Guid] 1565842503 [EditorId] 1565842503 [Version] 1048832 [Id] WindowsEditor(7,tawawa) [Debug] 1 [PackageName] WindowsEditor [ProjectName] Editor" 

Player connection [24540]  * "[IP] 192.168.11.5 [Port] 0 [Flags] 2 [Guid] 1565842503 [EditorId] 1565842503 [Version] 1048832 [Id] WindowsEditor(7,tawawa) [Debug] 1 [PackageName] WindowsEditor [ProjectName] Editor" 

Player connection [24540] Host joined multi-casting on [225.0.0.222:54997]...
Player connection [24540] Host joined alternative multi-casting on [225.0.0.222:34997]...
Input System module state changed to: Initialized.
[PhysX] Initialized MultithreadedTaskDispatcher with 12 workers.
Refreshing native plugins compatible for Editor in 7.69 ms, found 3 plugins.
Preloading 0 native plugins for Editor in 0.00 ms.
Initialize engine version: 2022.3.59f1 (630718f645a5)
[Subsystems] Discovering subsystems at path C:/Program Files/Unity/Hub/Editor/2022.3.59f1/Editor/Data/Resources/UnitySubsystems
[Subsystems] Discovering subsystems at path C:/Users/arcsa/Unity/PECO/Assets
GfxDevice: creating device client; threaded=0; jobified=0
Direct3D:
    Version:  Direct3D 11.0 [level 11.1]
    Renderer: AMD Radeon TM Graphics (ID=0x1900)
    Vendor:   ATI
    VRAM:     7819 MB
    Driver:   32.0.13040.13004
Initialize mono
Mono path[0] = 'C:/Program Files/Unity/Hub/Editor/2022.3.59f1/Editor/Data/Managed'
Mono path[1] = 'C:/Program Files/Unity/Hub/Editor/2022.3.59f1/Editor/Data/MonoBleedingEdge/lib/mono/unityjit-win32'
Mono config path = 'C:/Program Files/Unity/Hub/Editor/2022.3.59f1/Editor/Data/MonoBleedingEdge/etc'
Using monoOptions --debugger-agent=transport=dt_socket,embedding=1,server=y,suspend=n,address=127.0.0.1:56632
Begin MonoManager ReloadAssembly
Registering precompiled unity dll's ...
Register platform support module: C:/Program Files/Unity/Hub/Editor/2022.3.59f1/Editor/Data/PlaybackEngines/WindowsStandaloneSupport/UnityEditor.WindowsStandalone.Extensions.dll
Registered in 0.003882 seconds.
- Loaded All Assemblies, in  0.232 seconds
Native extension for WindowsStandalone target not found
Mono: successfully reloaded assembly
- Finished resetting the current domain, in  0.185 seconds
Domain Reload Profiling: 416ms
	BeginReloadAssembly (75ms)
		ExecutionOrderSort (0ms)
		DisableScriptedObjects (0ms)
		BackupInstance (0ms)
		ReleaseScriptingObjects (0ms)
		CreateAndSetChildDomain (1ms)
	RebuildCommonClasses (21ms)
	RebuildNativeTypeToScriptingClass (7ms)
	initialDomainReloadingComplete (36ms)
	LoadAllAssembliesAndSetupDomain (93ms)
		LoadAssemblies (73ms)
		RebuildTransferFunctionScriptingTraits (0ms)
		AnalyzeDomain (91ms)
			TypeCache.Refresh (90ms)
				TypeCache.ScanAssembly (82ms)
			ScanForSourceGeneratedMonoScriptInfo (0ms)
			ResolveRequiredComponents (0ms)
	FinalizeReload (185ms)
		ReleaseScriptCaches (0ms)
		RebuildScriptCaches (0ms)
		SetupLoadedEditorAssemblies (151ms)
			LogAssemblyErrors (0ms)
			InitializePlatformSupportModulesInManaged (6ms)
			SetLoadedEditorAssemblies (5ms)
			RefreshPlugins (0ms)
			BeforeProcessingInitializeOnLoad (1ms)
			ProcessInitializeOnLoadAttributes (103ms)
			ProcessInitializeOnLoadMethodAttributes (36ms)
			AfterProcessingInitializeOnLoad (0ms)
			EditorAssembliesLoaded (0ms)
		ExecutionOrderSort2 (0ms)
		AwakeInstancesAfterBackupRestoration (0ms)
========================================================================
Worker process is ready to serve import requests
Caller must complete domain reload
Begin MonoManager ReloadAssembly
- Loaded All Assemblies, in  0.552 seconds
Native extension for WindowsStandalone target not found
Mono: successfully reloaded assembly
- Finished resetting the current domain, in  0.528 seconds
Domain Reload Profiling: 1079ms
	BeginReloadAssembly (118ms)
		ExecutionOrderSort (0ms)
		DisableScriptedObjects (5ms)
		BackupInstance (0ms)
		ReleaseScriptingObjects (0ms)
		CreateAndSetChildDomain (26ms)
	RebuildCommonClasses (23ms)
	RebuildNativeTypeToScriptingClass (7ms)
	initialDomainReloadingComplete (28ms)
	LoadAllAssembliesAndSetupDomain (374ms)
		LoadAssemblies (245ms)
		RebuildTransferFunctionScriptingTraits (0ms)
		AnalyzeDomain (182ms)
			TypeCache.Refresh (151ms)
				TypeCache.ScanAssembly (136ms)
			ScanForSourceGeneratedMonoScriptInfo (23ms)
			ResolveRequiredComponents (8ms)
	FinalizeReload (528ms)
		ReleaseScriptCaches (0ms)
		RebuildScriptCaches (0ms)
		SetupLoadedEditorAssemblies (429ms)
			LogAssemblyErrors (0ms)
			InitializePlatformSupportModulesInManaged (4ms)
			SetLoadedEditorAssemblies (3ms)
			RefreshPlugins (0ms)
			BeforeProcessingInitializeOnLoad (59ms)
			ProcessInitializeOnLoadAttributes (299ms)
			ProcessInitializeOnLoadMethodAttributes (62ms)
			AfterProcessingInitializeOnLoad (4ms)
			EditorAssembliesLoaded (0ms)
		ExecutionOrderSort2 (0ms)
		AwakeInstancesAfterBackupRestoration (5ms)
Launched and connected shader compiler UnityShaderCompiler.exe after 0.05 seconds
Refreshing native plugins compatible for Editor in 3.15 ms, found 3 plugins.
Preloading 0 native plugins for Editor in 0.00 ms.
Unloading 5934 Unused Serialized files (Serialized files now loaded: 0)
Unloading 86 unused Assets / (10.2 MB). Loaded Objects now: 6369.
Memory consumption went from 318.5 MB to 308.3 MB.
Total: 6.912600 ms (FindLiveObjects: 0.833100 ms CreateObjectMapping: 0.187900 ms MarkObjects: 3.291500 ms  DeleteObjects: 2.599000 ms)

AssetImportParameters requested are different than current active one (requested -> active):
  custom:container-demuxer-ogg: 62fdf1f143b41e24485cea50d1cbac27 -> 
  custom:video-codec-MediaFoundation-h265: 746d11721c4dcdbdad8f713fa42b33f4 -> 
  custom:video-decoder-ogg-theora: a1e56fd34408186e4bbccfd4996cb3dc -> 
  custom:framework-win-MediaFoundation: 216162199b28c13a410421893ffa2e32 -> 
  custom:CustomObjectIndexerAttribute: 72b91833f83ae208fae7752999fa3104 -> 
  custom:container-demuxer-webm: 4f35f7cbe854078d1ac9338744f61a02 -> 
  custom:container-muxer-webm: aa71ff27fc2769a1b78a27578f13a17b -> 
  custom:video-decoder-webm-vp8: 9c59270c3fd7afecdb556c50c9e8de78 -> 
  custom:scripting/monoscript/fileName/SpineProxy.cs: f0ba90aabd75e9a8cb40bde893790c8f -> 
  custom:SearchIndexIgnoredProperties: e643bd26f0fe6173181afceb89e7c659 -> 
  custom:AudioImporter_EditorPlatform: d09bf68614088b80899f8185d706f6e7 -> 
  custom:video-encoder-webm-vp8: eb34c28f22e8b96e1ab97ce403110664 -> 
  custom:audio-decoder-ogg-vorbis: bf7c407c2cedff20999df2af8eb42d56 -> 
  custom:audio-encoder-webm-vorbis: bf7c407c2cedff20999df2af8eb42d56 -> 
========================================================================
Received Import Request.
  Time since last request: 672638.674844 seconds.
  path: Assets/Polylised - Medieval Desert City/Models/Props/barrel.FBX
  artifactKey: Guid(b899b109968a14f4797d7cd111cb647b) Importer(815301076,1909f56bfc062723c751e8b465ee728b)
Start importing Assets/Polylised - Medieval Desert City/Models/Props/barrel.FBX using Guid(b899b109968a14f4797d7cd111cb647b) Importer(815301076,1909f56bfc062723c751e8b465ee728b) [PhysX] Initialized MultithreadedTaskDispatcher with 12 workers.
[PhysX] Initialized MultithreadedTaskDispatcher with 12 workers.
[PhysX] Initialized MultithreadedTaskDispatcher with 12 workers.
 -> (artifact id: '746f5ffb7ac0a7d9272efa98aa239ce3') in 0.162225 seconds
Number of updated asset objects reloaded before import = 0
Number of asset objects unloaded after import = 9
========================================================================
Received Import Request.
  Time since last request: 2.584061 seconds.
  path: Assets/Polylised - Medieval Desert City/Models/Unique_Buildings/castle_gate_a.FBX
  artifactKey: Guid(ee05a5bc585b53f459ae5c3a598aa081) Importer(815301076,1909f56bfc062723c751e8b465ee728b)
Start importing Assets/Polylised - Medieval Desert City/Models/Unique_Buildings/castle_gate_a.FBX using Guid(ee05a5bc585b53f459ae5c3a598aa081) Importer(815301076,1909f56bfc062723c751e8b465ee728b) [PhysX] Initialized MultithreadedTaskDispatcher with 12 workers.
[PhysX] Initialized MultithreadedTaskDispatcher with 12 workers.
[PhysX] Initialized MultithreadedTaskDispatcher with 12 workers.
 -> (artifact id: '2d2a26a7e956fc84621b840f6aa40ffa') in 0.046603 seconds
Number of updated asset objects reloaded before import = 0
Number of asset objects unloaded after import = 12
========================================================================
Received Import Request.
  Time since last request: 6.542116 seconds.
  path: Assets/Polylised - Medieval Desert City/Models/Civilian_Buildings/Materials/Cloth_1.mat
  artifactKey: Guid(2ccda7ea0deffd74fa5caf33fcde2318) Importer(815301076,1909f56bfc062723c751e8b465ee728b)
Start importing Assets/Polylised - Medieval Desert City/Models/Civilian_Buildings/Materials/Cloth_1.mat using Guid(2ccda7ea0deffd74fa5caf33fcde2318) Importer(815301076,1909f56bfc062723c751e8b465ee728b) [PhysX] Initialized MultithreadedTaskDispatcher with 12 workers.
[PhysX] Initialized MultithreadedTaskDispatcher with 12 workers.
 -> (artifact id: '587b7c0222c3a478c5847ac10be204ba') in 0.043912 seconds
Number of updated asset objects reloaded before import = 0
Number of asset objects unloaded after import = 1
========================================================================
Received Import Request.
  Time since last request: 0.571258 seconds.
  path: Assets/Polylised - Medieval Desert City/Models/Civilian_Buildings/Materials/Cloth_6.mat
  artifactKey: Guid(a242f6773b4ccc74193e486bc805bfd7) Importer(815301076,1909f56bfc062723c751e8b465ee728b)
Start importing Assets/Polylised - Medieval Desert City/Models/Civilian_Buildings/Materials/Cloth_6.mat using Guid(a242f6773b4ccc74193e486bc805bfd7) Importer(815301076,1909f56bfc062723c751e8b465ee728b) [PhysX] Initialized MultithreadedTaskDispatcher with 12 workers.
[PhysX] Initialized MultithreadedTaskDispatcher with 12 workers.
 -> (artifact id: '3dfe005a446765bab963d769fa17f8d2') in 0.020165 seconds
Number of updated asset objects reloaded before import = 0
Number of asset objects unloaded after import = 1
========================================================================
Received Import Request.
  Time since last request: 0.092436 seconds.
  path: Assets/Polylised - Medieval Desert City/Models/Civilian_Buildings/Materials/Light.mat
  artifactKey: Guid(cee5cdb0471bc6f428e3d6d723de9f39) Importer(815301076,1909f56bfc062723c751e8b465ee728b)
Start importing Assets/Polylised - Medieval Desert City/Models/Civilian_Buildings/Materials/Light.mat using Guid(cee5cdb0471bc6f428e3d6d723de9f39) Importer(815301076,1909f56bfc062723c751e8b465ee728b) [PhysX] Initialized MultithreadedTaskDispatcher with 12 workers.
[PhysX] Initialized MultithreadedTaskDispatcher with 12 workers.
 -> (artifact id: '2e8088acf4c31ba345ebd76b99ecb57f') in 0.021107 seconds
Number of updated asset objects reloaded before import = 0
Number of asset objects unloaded after import = 1
========================================================================
Received Import Request.
  Time since last request: 0.232438 seconds.
  path: Assets/Polylised - Medieval Desert City/Models/Civilian_Buildings/Materials/Roof_0.mat
  artifactKey: Guid(d02941c1bdfb033478a0c8b66f4b4cf8) Importer(815301076,1909f56bfc062723c751e8b465ee728b)
Start importing Assets/Polylised - Medieval Desert City/Models/Civilian_Buildings/Materials/Roof_0.mat using Guid(d02941c1bdfb033478a0c8b66f4b4cf8) Importer(815301076,1909f56bfc062723c751e8b465ee728b) [PhysX] Initialized MultithreadedTaskDispatcher with 12 workers.
[PhysX] Initialized MultithreadedTaskDispatcher with 12 workers.
 -> (artifact id: '5812eea5b50ebd796c32df4d6aae7d20') in 0.047476 seconds
Number of updated asset objects reloaded before import = 0
Number of asset objects unloaded after import = 1
========================================================================
Received Import Request.
  Time since last request: 0.224057 seconds.
  path: Assets/Polylised - Medieval Desert City/Models/Civilian_Buildings/Materials/Roof_3.mat
  artifactKey: Guid(7ce693547ae759e4c95ee9c785e97232) Importer(815301076,1909f56bfc062723c751e8b465ee728b)
Start importing Assets/Polylised - Medieval Desert City/Models/Civilian_Buildings/Materials/Roof_3.mat using Guid(7ce693547ae759e4c95ee9c785e97232) Importer(815301076,1909f56bfc062723c751e8b465ee728b) [PhysX] Initialized MultithreadedTaskDispatcher with 12 workers.
[PhysX] Initialized MultithreadedTaskDispatcher with 12 workers.
 -> (artifact id: 'd05002bc708e6bc375dc7901a708b439') in 0.018980 seconds
Number of updated asset objects reloaded before import = 0
Number of asset objects unloaded after import = 1
========================================================================
Received Import Request.
  Time since last request: 0.122038 seconds.
  path: Assets/Polylised - Medieval Desert City/Models/Civilian_Buildings/Materials/Standard_Mat.mat
  artifactKey: Guid(a245e4c7079c59944ba4b23869ce2c66) Importer(815301076,1909f56bfc062723c751e8b465ee728b)
Start importing Assets/Polylised - Medieval Desert City/Models/Civilian_Buildings/Materials/Standard_Mat.mat using Guid(a245e4c7079c59944ba4b23869ce2c66) Importer(815301076,1909f56bfc062723c751e8b465ee728b) [PhysX] Initialized MultithreadedTaskDispatcher with 12 workers.
[PhysX] Initialized MultithreadedTaskDispatcher with 12 workers.
 -> (artifact id: '6a24e4eb3082f67f39f3144bcd92258b') in 0.019778 seconds
Number of updated asset objects reloaded before import = 0
Number of asset objects unloaded after import = 1
========================================================================
Received Import Request.
  Time since last request: 39.941758 seconds.
  path: Assets/Polylised - Medieval Desert City/Models/Props/port_wooden_bridge_b.FBX
  artifactKey: Guid(77758a36f9effc64aa9052cd6edca9ef) Importer(815301076,1909f56bfc062723c751e8b465ee728b)
Start importing Assets/Polylised - Medieval Desert City/Models/Props/port_wooden_bridge_b.FBX using Guid(77758a36f9effc64aa9052cd6edca9ef) Importer(815301076,1909f56bfc062723c751e8b465ee728b) [PhysX] Initialized MultithreadedTaskDispatcher with 12 workers.
[PhysX] Initialized MultithreadedTaskDispatcher with 12 workers.
[PhysX] Initialized MultithreadedTaskDispatcher with 12 workers.
 -> (artifact id: '6de6b9531b63d480cd7cacd1a62bdd13') in 0.029259 seconds
Number of updated asset objects reloaded before import = 0
Number of asset objects unloaded after import = 8
========================================================================
Received Import Request.
  Time since last request: 0.000026 seconds.
  path: Assets/Polylised - Medieval Desert City/Models/Props/street_green_belt_a.FBX
  artifactKey: Guid(6d884cae9cbeae345939b4f744556a55) Importer(815301076,1909f56bfc062723c751e8b465ee728b)
Start importing Assets/Polylised - Medieval Desert City/Models/Props/street_green_belt_a.FBX using Guid(6d884cae9cbeae345939b4f744556a55) Importer(815301076,1909f56bfc062723c751e8b465ee728b) [PhysX] Initialized MultithreadedTaskDispatcher with 12 workers.
[PhysX] Initialized MultithreadedTaskDispatcher with 12 workers.
[PhysX] Initialized MultithreadedTaskDispatcher with 12 workers.
 -> (artifact id: '3fad7422fad839838691e353d950cb3a') in 0.034502 seconds
Number of updated asset objects reloaded before import = 0
Number of asset objects unloaded after import = 9
========================================================================
Received Import Request.
  Time since last request: 0.000036 seconds.
  path: Assets/Polylised - Medieval Desert City/Models/Props/street_oil_light.FBX
  artifactKey: Guid(47cdb03718b7455499aa6692ceba2a82) Importer(815301076,1909f56bfc062723c751e8b465ee728b)
Start importing Assets/Polylised - Medieval Desert City/Models/Props/street_oil_light.FBX using Guid(47cdb03718b7455499aa6692ceba2a82) Importer(815301076,1909f56bfc062723c751e8b465ee728b) [PhysX] Initialized MultithreadedTaskDispatcher with 12 workers.
[PhysX] Initialized MultithreadedTaskDispatcher with 12 workers.
[PhysX] Initialized MultithreadedTaskDispatcher with 12 workers.
 -> (artifact id: 'e7bf94612ae0c87c312fbfda7bb3db8e') in 0.055766 seconds
Number of updated asset objects reloaded before import = 0
Number of asset objects unloaded after import = 13
========================================================================
Received Import Request.
  Time since last request: 0.769228 seconds.
  path: Assets/Polylised - Medieval Desert City/Models/Props/port_wooden_bridge_a_corner.FBX
  artifactKey: Guid(a8793ae45efd71545b54e3c7612887bf) Importer(815301076,1909f56bfc062723c751e8b465ee728b)
Start importing Assets/Polylised - Medieval Desert City/Models/Props/port_wooden_bridge_a_corner.FBX using Guid(a8793ae45efd71545b54e3c7612887bf) Importer(815301076,1909f56bfc062723c751e8b465ee728b) [PhysX] Initialized MultithreadedTaskDispatcher with 12 workers.
[PhysX] Initialized MultithreadedTaskDispatcher with 12 workers.
[PhysX] Initialized MultithreadedTaskDispatcher with 12 workers.
 -> (artifact id: 'dab7cc1faf52034f5c248c021c29bdec') in 0.024773 seconds
Number of updated asset objects reloaded before import = 0
Number of asset objects unloaded after import = 8
========================================================================
Received Import Request.
  Time since last request: 0.086517 seconds.
  path: Assets/Polylised - Medieval Desert City/Models/Props/fountain_a.FBX
  artifactKey: Guid(e23e514ed6a52a64184507a15e7f6a61) Importer(815301076,1909f56bfc062723c751e8b465ee728b)
Start importing Assets/Polylised - Medieval Desert City/Models/Props/fountain_a.FBX using Guid(e23e514ed6a52a64184507a15e7f6a61) Importer(815301076,1909f56bfc062723c751e8b465ee728b) [PhysX] Initialized MultithreadedTaskDispatcher with 12 workers.
[PhysX] Initialized MultithreadedTaskDispatcher with 12 workers.
[PhysX] Initialized MultithreadedTaskDispatcher with 12 workers.
 -> (artifact id: '7061dc76cfecb79f65dd8c6c51ad876b') in 0.030358 seconds
Number of updated asset objects reloaded before import = 0
Number of asset objects unloaded after import = 10
========================================================================
Received Import Request.
  Time since last request: 0.000023 seconds.
  path: Assets/Polylised - Medieval Desert City/Models/Props/port_chains.FBX
  artifactKey: Guid(d7015dfb7e24ecb49a280f256db02a57) Importer(815301076,1909f56bfc062723c751e8b465ee728b)
Start importing Assets/Polylised - Medieval Desert City/Models/Props/port_chains.FBX using Guid(d7015dfb7e24ecb49a280f256db02a57) Importer(815301076,1909f56bfc062723c751e8b465ee728b) [PhysX] Initialized MultithreadedTaskDispatcher with 12 workers.
[PhysX] Initialized MultithreadedTaskDispatcher with 12 workers.
[PhysX] Initialized MultithreadedTaskDispatcher with 12 workers.
 -> (artifact id: '80a42fe0747af179a30987928f6da5b9') in 0.032447 seconds
Number of updated asset objects reloaded before import = 0
Number of asset objects unloaded after import = 8
========================================================================
Received Import Request.
  Time since last request: 0.399881 seconds.
  path: Assets/Polylised - Medieval Desert City/Models/Props/fence_stick.FBX
  artifactKey: Guid(06c930f4f9d4ea643883e730c38c530b) Importer(815301076,1909f56bfc062723c751e8b465ee728b)
Start importing Assets/Polylised - Medieval Desert City/Models/Props/fence_stick.FBX using Guid(06c930f4f9d4ea643883e730c38c530b) Importer(815301076,1909f56bfc062723c751e8b465ee728b) [PhysX] Initialized MultithreadedTaskDispatcher with 12 workers.
[PhysX] Initialized MultithreadedTaskDispatcher with 12 workers.
[PhysX] Initialized MultithreadedTaskDispatcher with 12 workers.
 -> (artifact id: '2b10d5b8fdc6064cb45425dd1fc312ee') in 0.024707 seconds
Number of updated asset objects reloaded before import = 0
Number of asset objects unloaded after import = 8
========================================================================
Received Import Request.
  Time since last request: 0.000024 seconds.
  path: Assets/Polylised - Medieval Desert City/Models/Props/box.FBX
  artifactKey: Guid(1bcb7811de1531641a7547be7bf01fe6) Importer(815301076,1909f56bfc062723c751e8b465ee728b)
Start importing Assets/Polylised - Medieval Desert City/Models/Props/box.FBX using Guid(1bcb7811de1531641a7547be7bf01fe6) Importer(815301076,1909f56bfc062723c751e8b465ee728b) [PhysX] Initialized MultithreadedTaskDispatcher with 12 workers.
[PhysX] Initialized MultithreadedTaskDispatcher with 12 workers.
[PhysX] Initialized MultithreadedTaskDispatcher with 12 workers.
 -> (artifact id: '7f9f47a1483f8b6aa522cebcc05bff26') in 0.037791 seconds
Number of updated asset objects reloaded before import = 0
Number of asset objects unloaded after import = 9
========================================================================
Received Import Request.
  Time since last request: 2.191768 seconds.
  path: Assets/Polylised - Medieval Desert City/Models/Props/Materials/Cloth_2.mat
  artifactKey: Guid(fcc03893a4d513a4a85a60d8849201a5) Importer(815301076,1909f56bfc062723c751e8b465ee728b)
Start importing Assets/Polylised - Medieval Desert City/Models/Props/Materials/Cloth_2.mat using Guid(fcc03893a4d513a4a85a60d8849201a5) Importer(815301076,1909f56bfc062723c751e8b465ee728b) [PhysX] Initialized MultithreadedTaskDispatcher with 12 workers.
[PhysX] Initialized MultithreadedTaskDispatcher with 12 workers.
 -> (artifact id: '372960df5d89c2202bfcdc902daff23e') in 0.019474 seconds
Number of updated asset objects reloaded before import = 0
Number of asset objects unloaded after import = 1
========================================================================
Received Import Request.
  Time since last request: 0.000026 seconds.
  path: Assets/Polylised - Medieval Desert City/Models/Props/Materials/default.mat
  artifactKey: Guid(492f739d71f2fe8499c980d5dbd3b16e) Importer(815301076,1909f56bfc062723c751e8b465ee728b)
Start importing Assets/Polylised - Medieval Desert City/Models/Props/Materials/default.mat using Guid(492f739d71f2fe8499c980d5dbd3b16e) Importer(815301076,1909f56bfc062723c751e8b465ee728b) [PhysX] Initialized MultithreadedTaskDispatcher with 12 workers.
[PhysX] Initialized MultithreadedTaskDispatcher with 12 workers.
 -> (artifact id: '44ad11e7ba42a79da88b3b741a39b9f1') in 0.023231 seconds
Number of updated asset objects reloaded before import = 0
Number of asset objects unloaded after import = 1
========================================================================
Received Import Request.
  Time since last request: 0.000028 seconds.
  path: Assets/Polylised - Medieval Desert City/Models/Props/Materials/Cloth_6.mat
  artifactKey: Guid(4b28c2a7cdac0d14a83939f106badd7c) Importer(815301076,1909f56bfc062723c751e8b465ee728b)
Start importing Assets/Polylised - Medieval Desert City/Models/Props/Materials/Cloth_6.mat using Guid(4b28c2a7cdac0d14a83939f106badd7c) Importer(815301076,1909f56bfc062723c751e8b465ee728b) [PhysX] Initialized MultithreadedTaskDispatcher with 12 workers.
[PhysX] Initialized MultithreadedTaskDispatcher with 12 workers.
 -> (artifact id: '5c58288fe1cd29854699a2e2e8aecc61') in 0.023235 seconds
Number of updated asset objects reloaded before import = 0
Number of asset objects unloaded after import = 1
Editor requested this worker to shutdown with reason: Scaling down because of idle timeout
TcpMessagingSession - receive error: operation aborted. errorcode: 995, details: スレッドの終了またはアプリケーションの要求によって、I/O 処理は中止されました。
AssetImportWorker is now disconnected from the server
Process exiting
Exiting without the bug reporter. Application will terminate with return code 0