Using pre-set license
Built from '2022.3/staging' branch; Version is '2022.3.59f1 (630718f645a5) revision 6489880'; Using compiler version '192829333'; Build Type 'Release'
OS: 'Windows 11  (10.0.26100) 64bit Core' Language: 'ja' Physical Memory: 15638 MB
BatchMode: 1, IsHumanControllingUs: 0, StartBugReporterOnCrash: 0, Is64bit: 1, IsPro: 1

COMMAND LINE ARGUMENTS:
C:\Program Files\Unity\Hub\Editor\2022.3.59f1\Editor\Unity.exe
-adb2
-batchMode
-noUpm
-name
AssetImportWorker6
-projectPath
C:/Users/arcsa/Unity/PECO
-logFile
Logs/AssetImportWorker6.log
-srvPort
49338
Successfully changed project path to: C:/Users/arcsa/Unity/PECO
C:/Users/arcsa/Unity/PECO
[UnityMemory] Configuration Parameters - Can be set up in boot.config
    "memorysetup-bucket-allocator-granularity=16"
    "memorysetup-bucket-allocator-bucket-count=8"
    "memorysetup-bucket-allocator-block-size=33554432"
    "memorysetup-bucket-allocator-block-count=8"
    "memorysetup-main-allocator-block-size=16777216"
    "memorysetup-thread-allocator-block-size=16777216"
    "memorysetup-gfx-main-allocator-block-size=16777216"
    "memorysetup-gfx-thread-allocator-block-size=16777216"
    "memorysetup-cache-allocator-block-size=4194304"
    "memorysetup-typetree-allocator-block-size=2097152"
    "memorysetup-profiler-bucket-allocator-granularity=16"
    "memorysetup-profiler-bucket-allocator-bucket-count=8"
    "memorysetup-profiler-bucket-allocator-block-size=33554432"
    "memorysetup-profiler-bucket-allocator-block-count=8"
    "memorysetup-profiler-allocator-block-size=16777216"
    "memorysetup-profiler-editor-allocator-block-size=1048576"
    "memorysetup-temp-allocator-size-main=16777216"
    "memorysetup-job-temp-allocator-block-size=2097152"
    "memorysetup-job-temp-allocator-block-size-background=1048576"
    "memorysetup-job-temp-allocator-reduction-small-platforms=262144"
    "memorysetup-allocator-temp-initial-block-size-main=262144"
    "memorysetup-allocator-temp-initial-block-size-worker=262144"
    "memorysetup-temp-allocator-size-background-worker=32768"
    "memorysetup-temp-allocator-size-job-worker=262144"
    "memorysetup-temp-allocator-size-preload-manager=33554432"
    "memorysetup-temp-allocator-size-nav-mesh-worker=65536"
    "memorysetup-temp-allocator-size-audio-worker=65536"
    "memorysetup-temp-allocator-size-cloud-worker=32768"
    "memorysetup-temp-allocator-size-gi-baking-worker=262144"
    "memorysetup-temp-allocator-size-gfx=262144"
Player connection [14368]  Target information:

Player connection [14368]  * "[IP] 172.23.80.1 [Port] 0 [Flags] 2 [Guid] 3585038176 [EditorId] 3585038176 [Version] 1048832 [Id] WindowsEditor(7,tawawa) [Debug] 1 [PackageName] WindowsEditor [ProjectName] Editor" 

Player connection [14368]  * "[IP] 192.168.11.5 [Port] 0 [Flags] 2 [Guid] 3585038176 [EditorId] 3585038176 [Version] 1048832 [Id] WindowsEditor(7,tawawa) [Debug] 1 [PackageName] WindowsEditor [ProjectName] Editor" 

Player connection [14368] Host joined multi-casting on [225.0.0.222:54997]...
Player connection [14368] Host joined alternative multi-casting on [225.0.0.222:34997]...
Input System module state changed to: Initialized.
[PhysX] Initialized MultithreadedTaskDispatcher with 12 workers.
Refreshing native plugins compatible for Editor in 8.02 ms, found 3 plugins.
Preloading 0 native plugins for Editor in 0.00 ms.
Initialize engine version: 2022.3.59f1 (630718f645a5)
[Subsystems] Discovering subsystems at path C:/Program Files/Unity/Hub/Editor/2022.3.59f1/Editor/Data/Resources/UnitySubsystems
[Subsystems] Discovering subsystems at path C:/Users/arcsa/Unity/PECO/Assets
GfxDevice: creating device client; threaded=0; jobified=0
Direct3D:
    Version:  Direct3D 11.0 [level 11.1]
    Renderer: AMD Radeon TM Graphics (ID=0x1900)
    Vendor:   ATI
    VRAM:     7819 MB
    Driver:   32.0.13040.13004
Initialize mono
Mono path[0] = 'C:/Program Files/Unity/Hub/Editor/2022.3.59f1/Editor/Data/Managed'
Mono path[1] = 'C:/Program Files/Unity/Hub/Editor/2022.3.59f1/Editor/Data/MonoBleedingEdge/lib/mono/unityjit-win32'
Mono config path = 'C:/Program Files/Unity/Hub/Editor/2022.3.59f1/Editor/Data/MonoBleedingEdge/etc'
Using monoOptions --debugger-agent=transport=dt_socket,embedding=1,server=y,suspend=n,address=127.0.0.1:56872
Begin MonoManager ReloadAssembly
Registering precompiled unity dll's ...
Register platform support module: C:/Program Files/Unity/Hub/Editor/2022.3.59f1/Editor/Data/PlaybackEngines/WindowsStandaloneSupport/UnityEditor.WindowsStandalone.Extensions.dll
Registered in 0.003750 seconds.
- Loaded All Assemblies, in  0.251 seconds
Native extension for WindowsStandalone target not found
Mono: successfully reloaded assembly
- Finished resetting the current domain, in  0.179 seconds
Domain Reload Profiling: 430ms
	BeginReloadAssembly (85ms)
		ExecutionOrderSort (0ms)
		DisableScriptedObjects (0ms)
		BackupInstance (0ms)
		ReleaseScriptingObjects (0ms)
		CreateAndSetChildDomain (1ms)
	RebuildCommonClasses (25ms)
	RebuildNativeTypeToScriptingClass (7ms)
	initialDomainReloadingComplete (37ms)
	LoadAllAssembliesAndSetupDomain (97ms)
		LoadAssemblies (84ms)
		RebuildTransferFunctionScriptingTraits (0ms)
		AnalyzeDomain (95ms)
			TypeCache.Refresh (94ms)
				TypeCache.ScanAssembly (84ms)
			ScanForSourceGeneratedMonoScriptInfo (0ms)
			ResolveRequiredComponents (0ms)
	FinalizeReload (179ms)
		ReleaseScriptCaches (0ms)
		RebuildScriptCaches (0ms)
		SetupLoadedEditorAssemblies (145ms)
			LogAssemblyErrors (0ms)
			InitializePlatformSupportModulesInManaged (7ms)
			SetLoadedEditorAssemblies (6ms)
			RefreshPlugins (0ms)
			BeforeProcessingInitializeOnLoad (1ms)
			ProcessInitializeOnLoadAttributes (100ms)
			ProcessInitializeOnLoadMethodAttributes (31ms)
			AfterProcessingInitializeOnLoad (0ms)
			EditorAssembliesLoaded (0ms)
		ExecutionOrderSort2 (0ms)
		AwakeInstancesAfterBackupRestoration (0ms)
========================================================================
Worker process is ready to serve import requests
Caller must complete domain reload
Begin MonoManager ReloadAssembly
- Loaded All Assemblies, in  0.563 seconds
Native extension for WindowsStandalone target not found
Mono: successfully reloaded assembly
- Finished resetting the current domain, in  0.548 seconds
Domain Reload Profiling: 1110ms
	BeginReloadAssembly (107ms)
		ExecutionOrderSort (0ms)
		DisableScriptedObjects (3ms)
		BackupInstance (0ms)
		ReleaseScriptingObjects (0ms)
		CreateAndSetChildDomain (22ms)
	RebuildCommonClasses (24ms)
	RebuildNativeTypeToScriptingClass (8ms)
	initialDomainReloadingComplete (27ms)
	LoadAllAssembliesAndSetupDomain (395ms)
		LoadAssemblies (250ms)
		RebuildTransferFunctionScriptingTraits (0ms)
		AnalyzeDomain (204ms)
			TypeCache.Refresh (176ms)
				TypeCache.ScanAssembly (164ms)
			ScanForSourceGeneratedMonoScriptInfo (19ms)
			ResolveRequiredComponents (8ms)
	FinalizeReload (549ms)
		ReleaseScriptCaches (0ms)
		RebuildScriptCaches (0ms)
		SetupLoadedEditorAssemblies (446ms)
			LogAssemblyErrors (0ms)
			InitializePlatformSupportModulesInManaged (4ms)
			SetLoadedEditorAssemblies (2ms)
			RefreshPlugins (0ms)
			BeforeProcessingInitializeOnLoad (64ms)
			ProcessInitializeOnLoadAttributes (298ms)
			ProcessInitializeOnLoadMethodAttributes (73ms)
			AfterProcessingInitializeOnLoad (5ms)
			EditorAssembliesLoaded (0ms)
		ExecutionOrderSort2 (0ms)
		AwakeInstancesAfterBackupRestoration (6ms)
Launched and connected shader compiler UnityShaderCompiler.exe after 0.05 seconds
Refreshing native plugins compatible for Editor in 3.07 ms, found 3 plugins.
Preloading 0 native plugins for Editor in 0.00 ms.
Unloading 5934 Unused Serialized files (Serialized files now loaded: 0)
Unloading 86 unused Assets / (10.2 MB). Loaded Objects now: 6369.
Memory consumption went from 318.4 MB to 308.2 MB.
Total: 7.255000 ms (FindLiveObjects: 0.788300 ms CreateObjectMapping: 0.171700 ms MarkObjects: 3.103100 ms  DeleteObjects: 3.190600 ms)

AssetImportParameters requested are different than current active one (requested -> active):
  custom:container-demuxer-ogg: 62fdf1f143b41e24485cea50d1cbac27 -> 
  custom:video-codec-MediaFoundation-h265: 746d11721c4dcdbdad8f713fa42b33f4 -> 
  custom:video-decoder-ogg-theora: a1e56fd34408186e4bbccfd4996cb3dc -> 
  custom:framework-win-MediaFoundation: 216162199b28c13a410421893ffa2e32 -> 
  custom:CustomObjectIndexerAttribute: 72b91833f83ae208fae7752999fa3104 -> 
  custom:container-demuxer-webm: 4f35f7cbe854078d1ac9338744f61a02 -> 
  custom:container-muxer-webm: aa71ff27fc2769a1b78a27578f13a17b -> 
  custom:video-decoder-webm-vp8: 9c59270c3fd7afecdb556c50c9e8de78 -> 
  custom:scripting/monoscript/fileName/SpineProxy.cs: f0ba90aabd75e9a8cb40bde893790c8f -> 
  custom:SearchIndexIgnoredProperties: e643bd26f0fe6173181afceb89e7c659 -> 
  custom:AudioImporter_EditorPlatform: d09bf68614088b80899f8185d706f6e7 -> 
  custom:video-encoder-webm-vp8: eb34c28f22e8b96e1ab97ce403110664 -> 
  custom:audio-decoder-ogg-vorbis: bf7c407c2cedff20999df2af8eb42d56 -> 
  custom:audio-encoder-webm-vorbis: bf7c407c2cedff20999df2af8eb42d56 -> 
========================================================================
Received Import Request.
  Time since last request: 669693.257771 seconds.
  path: Assets/Polylised - Medieval Desert City/Models/Unique_Buildings/castle_wall_2,5m.FBX
  artifactKey: Guid(b2127b9d6c51ab04bbc99c49ad0bb883) Importer(815301076,1909f56bfc062723c751e8b465ee728b)
Start importing Assets/Polylised - Medieval Desert City/Models/Unique_Buildings/castle_wall_2,5m.FBX using Guid(b2127b9d6c51ab04bbc99c49ad0bb883) Importer(815301076,1909f56bfc062723c751e8b465ee728b) [PhysX] Initialized MultithreadedTaskDispatcher with 12 workers.
[PhysX] Initialized MultithreadedTaskDispatcher with 12 workers.
[PhysX] Initialized MultithreadedTaskDispatcher with 12 workers.
 -> (artifact id: '23310ff6a9ed8b411d4e4bbf9440ad08') in 0.111546 seconds
Number of updated asset objects reloaded before import = 0
Number of asset objects unloaded after import = 9
========================================================================
Received Import Request.
  Time since last request: 3.921483 seconds.
  path: Assets/Polylised - Medieval Desert City/Models/Unique_Buildings/castle_wall_5m_h21m.FBX
  artifactKey: Guid(a9040f687666f174cbcf96375234bb36) Importer(815301076,1909f56bfc062723c751e8b465ee728b)
Start importing Assets/Polylised - Medieval Desert City/Models/Unique_Buildings/castle_wall_5m_h21m.FBX using Guid(a9040f687666f174cbcf96375234bb36) Importer(815301076,1909f56bfc062723c751e8b465ee728b) [PhysX] Initialized MultithreadedTaskDispatcher with 12 workers.
[PhysX] Initialized MultithreadedTaskDispatcher with 12 workers.
[PhysX] Initialized MultithreadedTaskDispatcher with 12 workers.
 -> (artifact id: '2d6805f419894372631f63ef9b210d34') in 0.026437 seconds
Number of updated asset objects reloaded before import = 0
Number of asset objects unloaded after import = 9
========================================================================
Received Import Request.
  Time since last request: 0.429743 seconds.
  path: Assets/Polylised - Medieval Desert City/Models/Unique_Buildings/castle_wall_corner_b.FBX
  artifactKey: Guid(23f7df39782ef59468f371bfa6e726d7) Importer(815301076,1909f56bfc062723c751e8b465ee728b)
Start importing Assets/Polylised - Medieval Desert City/Models/Unique_Buildings/castle_wall_corner_b.FBX using Guid(23f7df39782ef59468f371bfa6e726d7) Importer(815301076,1909f56bfc062723c751e8b465ee728b) [PhysX] Initialized MultithreadedTaskDispatcher with 12 workers.
[PhysX] Initialized MultithreadedTaskDispatcher with 12 workers.
[PhysX] Initialized MultithreadedTaskDispatcher with 12 workers.
 -> (artifact id: '309690b83cadfc5c0f9e57b591d710d0') in 0.025368 seconds
Number of updated asset objects reloaded before import = 0
Number of asset objects unloaded after import = 9
========================================================================
Received Import Request.
  Time since last request: 0.047851 seconds.
  path: Assets/Polylised - Medieval Desert City/Models/Unique_Buildings/castle_wall_incline_uper.FBX
  artifactKey: Guid(28952de306378314aaa188484ad62067) Importer(815301076,1909f56bfc062723c751e8b465ee728b)
Start importing Assets/Polylised - Medieval Desert City/Models/Unique_Buildings/castle_wall_incline_uper.FBX using Guid(28952de306378314aaa188484ad62067) Importer(815301076,1909f56bfc062723c751e8b465ee728b) [PhysX] Initialized MultithreadedTaskDispatcher with 12 workers.
[PhysX] Initialized MultithreadedTaskDispatcher with 12 workers.
[PhysX] Initialized MultithreadedTaskDispatcher with 12 workers.
 -> (artifact id: '15cc216ba97a05ad25f09cf356bfdd57') in 0.035875 seconds
Number of updated asset objects reloaded before import = 0
Number of asset objects unloaded after import = 9
========================================================================
Received Import Request.
  Time since last request: 0.555786 seconds.
  path: Assets/Polylised - Medieval Desert City/Models/Unique_Buildings/citadel_base_a.FBX
  artifactKey: Guid(743ba2539e9203b4f82a9e024450c48b) Importer(815301076,1909f56bfc062723c751e8b465ee728b)
Start importing Assets/Polylised - Medieval Desert City/Models/Unique_Buildings/citadel_base_a.FBX using Guid(743ba2539e9203b4f82a9e024450c48b) Importer(815301076,1909f56bfc062723c751e8b465ee728b) [PhysX] Initialized MultithreadedTaskDispatcher with 12 workers.
[PhysX] Initialized MultithreadedTaskDispatcher with 12 workers.
[PhysX] Initialized MultithreadedTaskDispatcher with 12 workers.
 -> (artifact id: '973616e3568398b7749786daba996f3c') in 0.030881 seconds
Number of updated asset objects reloaded before import = 0
Number of asset objects unloaded after import = 9
========================================================================
Received Import Request.
  Time since last request: 0.049338 seconds.
  path: Assets/Polylised - Medieval Desert City/Models/Unique_Buildings/citadel_gate.FBX
  artifactKey: Guid(53f5c35ca2434cf4ba2f1bc5b0a8384f) Importer(815301076,1909f56bfc062723c751e8b465ee728b)
Start importing Assets/Polylised - Medieval Desert City/Models/Unique_Buildings/citadel_gate.FBX using Guid(53f5c35ca2434cf4ba2f1bc5b0a8384f) Importer(815301076,1909f56bfc062723c751e8b465ee728b) [PhysX] Initialized MultithreadedTaskDispatcher with 12 workers.
[PhysX] Initialized MultithreadedTaskDispatcher with 12 workers.
[PhysX] Initialized MultithreadedTaskDispatcher with 12 workers.
 -> (artifact id: '2ec3c47aa7b41d7d93fa5968db192d11') in 0.026159 seconds
Number of updated asset objects reloaded before import = 0
Number of asset objects unloaded after import = 12
========================================================================
Received Import Request.
  Time since last request: 0.453288 seconds.
  path: Assets/Polylised - Medieval Desert City/Models/Unique_Buildings/citadel_tower_a.FBX
  artifactKey: Guid(84c43d8cd151cb2459d4f84425c40bd5) Importer(815301076,1909f56bfc062723c751e8b465ee728b)
Start importing Assets/Polylised - Medieval Desert City/Models/Unique_Buildings/citadel_tower_a.FBX using Guid(84c43d8cd151cb2459d4f84425c40bd5) Importer(815301076,1909f56bfc062723c751e8b465ee728b) [PhysX] Initialized MultithreadedTaskDispatcher with 12 workers.
[PhysX] Initialized MultithreadedTaskDispatcher with 12 workers.
[PhysX] Initialized MultithreadedTaskDispatcher with 12 workers.
 -> (artifact id: '154e775490052f58798647a0ae654723') in 0.028500 seconds
Number of updated asset objects reloaded before import = 0
Number of asset objects unloaded after import = 12
========================================================================
Received Import Request.
  Time since last request: 2.392207 seconds.
  path: Assets/Polylised - Medieval Desert City/Models/Unique_Buildings/citadel_tower_c.FBX
  artifactKey: Guid(491c667875992c140836eff872599d92) Importer(815301076,1909f56bfc062723c751e8b465ee728b)
Start importing Assets/Polylised - Medieval Desert City/Models/Unique_Buildings/citadel_tower_c.FBX using Guid(491c667875992c140836eff872599d92) Importer(815301076,1909f56bfc062723c751e8b465ee728b) [PhysX] Initialized MultithreadedTaskDispatcher with 12 workers.
[PhysX] Initialized MultithreadedTaskDispatcher with 12 workers.
[PhysX] Initialized MultithreadedTaskDispatcher with 12 workers.
 -> (artifact id: 'd85a902a976b755e34266167fd43209e') in 0.028435 seconds
Number of updated asset objects reloaded before import = 0
Number of asset objects unloaded after import = 11
========================================================================
Received Import Request.
  Time since last request: 0.050460 seconds.
  path: Assets/Polylised - Medieval Desert City/Models/Unique_Buildings/citadel_tower_d.FBX
  artifactKey: Guid(05741e75f73f6774eadbab56684e71a4) Importer(815301076,1909f56bfc062723c751e8b465ee728b)
Start importing Assets/Polylised - Medieval Desert City/Models/Unique_Buildings/citadel_tower_d.FBX using Guid(05741e75f73f6774eadbab56684e71a4) Importer(815301076,1909f56bfc062723c751e8b465ee728b) [PhysX] Initialized MultithreadedTaskDispatcher with 12 workers.
[PhysX] Initialized MultithreadedTaskDispatcher with 12 workers.
[PhysX] Initialized MultithreadedTaskDispatcher with 12 workers.
 -> (artifact id: 'fd694366377693f26f2d488b1e8089e4') in 0.025448 seconds
Number of updated asset objects reloaded before import = 0
Number of asset objects unloaded after import = 12
========================================================================
Received Import Request.
  Time since last request: 0.390967 seconds.
  path: Assets/Polylised - Medieval Desert City/Models/Unique_Buildings/citadel_wall_b.FBX
  artifactKey: Guid(d2aafee231e260e449516838ffcdb3ed) Importer(815301076,1909f56bfc062723c751e8b465ee728b)
Start importing Assets/Polylised - Medieval Desert City/Models/Unique_Buildings/citadel_wall_b.FBX using Guid(d2aafee231e260e449516838ffcdb3ed) Importer(815301076,1909f56bfc062723c751e8b465ee728b) [PhysX] Initialized MultithreadedTaskDispatcher with 12 workers.
[PhysX] Initialized MultithreadedTaskDispatcher with 12 workers.
[PhysX] Initialized MultithreadedTaskDispatcher with 12 workers.
 -> (artifact id: '163644ac3cc5f7f46050c552fdb36b87') in 0.026337 seconds
Number of updated asset objects reloaded before import = 0
Number of asset objects unloaded after import = 9
========================================================================
Received Import Request.
  Time since last request: 0.047187 seconds.
  path: Assets/Polylised - Medieval Desert City/Models/Unique_Buildings/city_tower_a.FBX
  artifactKey: Guid(32311d0811c6d7d46a7ff6143a99818f) Importer(815301076,1909f56bfc062723c751e8b465ee728b)
Start importing Assets/Polylised - Medieval Desert City/Models/Unique_Buildings/city_tower_a.FBX using Guid(32311d0811c6d7d46a7ff6143a99818f) Importer(815301076,1909f56bfc062723c751e8b465ee728b) [PhysX] Initialized MultithreadedTaskDispatcher with 12 workers.
[PhysX] Initialized MultithreadedTaskDispatcher with 12 workers.
[PhysX] Initialized MultithreadedTaskDispatcher with 12 workers.
 -> (artifact id: 'b6d267bea2a5cd764d5043db4a7ad613') in 0.026760 seconds
Number of updated asset objects reloaded before import = 0
Number of asset objects unloaded after import = 14
========================================================================
Received Import Request.
  Time since last request: 0.000022 seconds.
  path: Assets/Polylised - Medieval Desert City/Models/Unique_Buildings/fortification_gate.FBX
  artifactKey: Guid(0648d4361d8a07d44921f1db2e15b9e0) Importer(815301076,1909f56bfc062723c751e8b465ee728b)
Start importing Assets/Polylised - Medieval Desert City/Models/Unique_Buildings/fortification_gate.FBX using Guid(0648d4361d8a07d44921f1db2e15b9e0) Importer(815301076,1909f56bfc062723c751e8b465ee728b) [PhysX] Initialized MultithreadedTaskDispatcher with 12 workers.
[PhysX] Initialized MultithreadedTaskDispatcher with 12 workers.
[PhysX] Initialized MultithreadedTaskDispatcher with 12 workers.
 -> (artifact id: '1187009d7c3d2180f4f3fb637ddc061e') in 0.028757 seconds
Number of updated asset objects reloaded before import = 0
Number of asset objects unloaded after import = 13
========================================================================
Received Import Request.
  Time since last request: 0.500906 seconds.
  path: Assets/Polylised - Medieval Desert City/Models/Unique_Buildings/fortification_tower_small.FBX
  artifactKey: Guid(a4738c5b09b34634294b54500750ce66) Importer(815301076,1909f56bfc062723c751e8b465ee728b)
Start importing Assets/Polylised - Medieval Desert City/Models/Unique_Buildings/fortification_tower_small.FBX using Guid(a4738c5b09b34634294b54500750ce66) Importer(815301076,1909f56bfc062723c751e8b465ee728b) [PhysX] Initialized MultithreadedTaskDispatcher with 12 workers.
[PhysX] Initialized MultithreadedTaskDispatcher with 12 workers.
[PhysX] Initialized MultithreadedTaskDispatcher with 12 workers.
 -> (artifact id: 'daeb3581b18f70255ad3f2d044fd4e79') in 0.026471 seconds
Number of updated asset objects reloaded before import = 0
Number of asset objects unloaded after import = 10
========================================================================
Received Import Request.
  Time since last request: 0.048756 seconds.
  path: Assets/Polylised - Medieval Desert City/Models/Unique_Buildings/overhang_building_a.FBX
  artifactKey: Guid(2f906bf9b86990c46aa6003077fba317) Importer(815301076,1909f56bfc062723c751e8b465ee728b)
Start importing Assets/Polylised - Medieval Desert City/Models/Unique_Buildings/overhang_building_a.FBX using Guid(2f906bf9b86990c46aa6003077fba317) Importer(815301076,1909f56bfc062723c751e8b465ee728b) [PhysX] Initialized MultithreadedTaskDispatcher with 12 workers.
[PhysX] Initialized MultithreadedTaskDispatcher with 12 workers.
[PhysX] Initialized MultithreadedTaskDispatcher with 12 workers.
 -> (artifact id: 'b511879a63297db60f1c4dc9bc1d5cef') in 0.028348 seconds
Number of updated asset objects reloaded before import = 0
Number of asset objects unloaded after import = 10
========================================================================
Received Import Request.
  Time since last request: 0.000023 seconds.
  path: Assets/Polylised - Medieval Desert City/Models/Unique_Buildings/port_wall_b.FBX
  artifactKey: Guid(50e50ab59f5b2a44093a9fa0e651faf6) Importer(815301076,1909f56bfc062723c751e8b465ee728b)
Start importing Assets/Polylised - Medieval Desert City/Models/Unique_Buildings/port_wall_b.FBX using Guid(50e50ab59f5b2a44093a9fa0e651faf6) Importer(815301076,1909f56bfc062723c751e8b465ee728b) [PhysX] Initialized MultithreadedTaskDispatcher with 12 workers.
[PhysX] Initialized MultithreadedTaskDispatcher with 12 workers.
[PhysX] Initialized MultithreadedTaskDispatcher with 12 workers.
 -> (artifact id: '762008193d73952ed299311fddec783d') in 0.021546 seconds
Number of updated asset objects reloaded before import = 0
Number of asset objects unloaded after import = 10
========================================================================
Received Import Request.
  Time since last request: 0.684819 seconds.
  path: Assets/Polylised - Medieval Desert City/Models/Unique_Buildings/port_wall_corner_a.FBX
  artifactKey: Guid(29cf28c554257b94fa3ac6970bc59885) Importer(815301076,1909f56bfc062723c751e8b465ee728b)
Start importing Assets/Polylised - Medieval Desert City/Models/Unique_Buildings/port_wall_corner_a.FBX using Guid(29cf28c554257b94fa3ac6970bc59885) Importer(815301076,1909f56bfc062723c751e8b465ee728b) [PhysX] Initialized MultithreadedTaskDispatcher with 12 workers.
[PhysX] Initialized MultithreadedTaskDispatcher with 12 workers.
[PhysX] Initialized MultithreadedTaskDispatcher with 12 workers.
 -> (artifact id: 'f664ec55157a26b9fd8c6f6da4570994') in 0.026198 seconds
Number of updated asset objects reloaded before import = 0
Number of asset objects unloaded after import = 9
========================================================================
Received Import Request.
  Time since last request: 0.000019 seconds.
  path: Assets/Polylised - Medieval Desert City/Models/Unique_Buildings/port_wall_corner_c.FBX
  artifactKey: Guid(0aa3be7054fb4294ab8b7d0ed89942d6) Importer(815301076,1909f56bfc062723c751e8b465ee728b)
Start importing Assets/Polylised - Medieval Desert City/Models/Unique_Buildings/port_wall_corner_c.FBX using Guid(0aa3be7054fb4294ab8b7d0ed89942d6) Importer(815301076,1909f56bfc062723c751e8b465ee728b) [PhysX] Initialized MultithreadedTaskDispatcher with 12 workers.
[PhysX] Initialized MultithreadedTaskDispatcher with 12 workers.
[PhysX] Initialized MultithreadedTaskDispatcher with 12 workers.
 -> (artifact id: '479500e1ddaafcbe07785c5ca4fd7f25') in 0.025062 seconds
Number of updated asset objects reloaded before import = 0
Number of asset objects unloaded after import = 9
========================================================================
Received Import Request.
  Time since last request: 0.029098 seconds.
  path: Assets/Polylised - Medieval Desert City/Models/Unique_Buildings/sentinel_tower_b.FBX
  artifactKey: Guid(42dae9c689b614041936ba5f1a9b52e4) Importer(815301076,1909f56bfc062723c751e8b465ee728b)
Start importing Assets/Polylised - Medieval Desert City/Models/Unique_Buildings/sentinel_tower_b.FBX using Guid(42dae9c689b614041936ba5f1a9b52e4) Importer(815301076,1909f56bfc062723c751e8b465ee728b) [PhysX] Initialized MultithreadedTaskDispatcher with 12 workers.
[PhysX] Initialized MultithreadedTaskDispatcher with 12 workers.
[PhysX] Initialized MultithreadedTaskDispatcher with 12 workers.
 -> (artifact id: 'a603dc4ff1665c2c74058d1d879acbd5') in 0.025993 seconds
Number of updated asset objects reloaded before import = 0
Number of asset objects unloaded after import = 12
========================================================================
Received Import Request.
  Time since last request: 0.000026 seconds.
  path: Assets/Polylised - Medieval Desert City/Models/Unique_Buildings/wall_H10m_L15m.FBX
  artifactKey: Guid(3c4128e82def34347a6623ea90212fcc) Importer(815301076,1909f56bfc062723c751e8b465ee728b)
Start importing Assets/Polylised - Medieval Desert City/Models/Unique_Buildings/wall_H10m_L15m.FBX using Guid(3c4128e82def34347a6623ea90212fcc) Importer(815301076,1909f56bfc062723c751e8b465ee728b) [PhysX] Initialized MultithreadedTaskDispatcher with 12 workers.
[PhysX] Initialized MultithreadedTaskDispatcher with 12 workers.
[PhysX] Initialized MultithreadedTaskDispatcher with 12 workers.
 -> (artifact id: '45b4ad75af603b1789d800885f2a98d2') in 0.026898 seconds
Number of updated asset objects reloaded before import = 0
Number of asset objects unloaded after import = 9
========================================================================
Received Import Request.
  Time since last request: 0.468095 seconds.
  path: Assets/Polylised - Medieval Desert City/Models/Unique_Buildings/wall_H10m_L50m_destoryed.FBX
  artifactKey: Guid(33c6bb8e5b9602d41969c1f5c2704632) Importer(815301076,1909f56bfc062723c751e8b465ee728b)
Start importing Assets/Polylised - Medieval Desert City/Models/Unique_Buildings/wall_H10m_L50m_destoryed.FBX using Guid(33c6bb8e5b9602d41969c1f5c2704632) Importer(815301076,1909f56bfc062723c751e8b465ee728b) [PhysX] Initialized MultithreadedTaskDispatcher with 12 workers.
[PhysX] Initialized MultithreadedTaskDispatcher with 12 workers.
[PhysX] Initialized MultithreadedTaskDispatcher with 12 workers.
 -> (artifact id: '379ca53da59e28dbe1d2a433c5880753') in 0.026037 seconds
Number of updated asset objects reloaded before import = 0
Number of asset objects unloaded after import = 9
========================================================================
Received Import Request.
  Time since last request: 0.000018 seconds.
  path: Assets/Polylised - Medieval Desert City/Models/Unique_Buildings/wall_H10m_short_2.FBX
  artifactKey: Guid(7e9d003b13aea1f4db35542ca630f310) Importer(815301076,1909f56bfc062723c751e8b465ee728b)
Start importing Assets/Polylised - Medieval Desert City/Models/Unique_Buildings/wall_H10m_short_2.FBX using Guid(7e9d003b13aea1f4db35542ca630f310) Importer(815301076,1909f56bfc062723c751e8b465ee728b) [PhysX] Initialized MultithreadedTaskDispatcher with 12 workers.
[PhysX] Initialized MultithreadedTaskDispatcher with 12 workers.
[PhysX] Initialized MultithreadedTaskDispatcher with 12 workers.
 -> (artifact id: '0cf1bf6601b38a182a20160d6c57f039') in 0.025636 seconds
Number of updated asset objects reloaded before import = 0
Number of asset objects unloaded after import = 9
========================================================================
Received Import Request.
  Time since last request: 242.466834 seconds.
  path: Assets/Polylised - Medieval Desert City/Models/Civilian_Buildings/balcony_1.FBX
  artifactKey: Guid(269b5344acfba9d4bb2c82f0a705b850) Importer(815301076,1909f56bfc062723c751e8b465ee728b)
Start importing Assets/Polylised - Medieval Desert City/Models/Civilian_Buildings/balcony_1.FBX using Guid(269b5344acfba9d4bb2c82f0a705b850) Importer(815301076,1909f56bfc062723c751e8b465ee728b) [PhysX] Initialized MultithreadedTaskDispatcher with 12 workers.
[PhysX] Initialized MultithreadedTaskDispatcher with 12 workers.
[PhysX] Initialized MultithreadedTaskDispatcher with 12 workers.
 -> (artifact id: '627ac0003d245bbba6d1480d97306842') in 0.029797 seconds
Number of updated asset objects reloaded before import = 0
Number of asset objects unloaded after import = 10
========================================================================
Received Import Request.
  Time since last request: 0.000030 seconds.
  path: Assets/Polylised - Medieval Desert City/Models/Civilian_Buildings/balcony_3.FBX
  artifactKey: Guid(5e96d28a024c18b418bbbb7a456c20f7) Importer(815301076,1909f56bfc062723c751e8b465ee728b)
Start importing Assets/Polylised - Medieval Desert City/Models/Civilian_Buildings/balcony_3.FBX using Guid(5e96d28a024c18b418bbbb7a456c20f7) Importer(815301076,1909f56bfc062723c751e8b465ee728b) [PhysX] Initialized MultithreadedTaskDispatcher with 12 workers.
[PhysX] Initialized MultithreadedTaskDispatcher with 12 workers.
[PhysX] Initialized MultithreadedTaskDispatcher with 12 workers.
 -> (artifact id: 'efc8a3436835975596c563c824c29507') in 0.032681 seconds
Number of updated asset objects reloaded before import = 0
Number of asset objects unloaded after import = 10
========================================================================
Received Import Request.
  Time since last request: 0.000036 seconds.
  path: Assets/Polylised - Medieval Desert City/Models/Civilian_Buildings/civilian_bridge_2_b.FBX
  artifactKey: Guid(6ab0d11cdb825204eb30f9fe6bb0e339) Importer(815301076,1909f56bfc062723c751e8b465ee728b)
Start importing Assets/Polylised - Medieval Desert City/Models/Civilian_Buildings/civilian_bridge_2_b.FBX using Guid(6ab0d11cdb825204eb30f9fe6bb0e339) Importer(815301076,1909f56bfc062723c751e8b465ee728b) [PhysX] Initialized MultithreadedTaskDispatcher with 12 workers.
[PhysX] Initialized MultithreadedTaskDispatcher with 12 workers.
[PhysX] Initialized MultithreadedTaskDispatcher with 12 workers.
 -> (artifact id: '5f24b88793b9714105c1700a2bbf5c03') in 0.025802 seconds
Number of updated asset objects reloaded before import = 0
Number of asset objects unloaded after import = 10
========================================================================
Received Import Request.
  Time since last request: 0.000028 seconds.
  path: Assets/Polylised - Medieval Desert City/Models/Civilian_Buildings/civilian_bridge_2_a.FBX
  artifactKey: Guid(5610288ccb558cb4ab46f06b48c3b13b) Importer(815301076,1909f56bfc062723c751e8b465ee728b)
Start importing Assets/Polylised - Medieval Desert City/Models/Civilian_Buildings/civilian_bridge_2_a.FBX using Guid(5610288ccb558cb4ab46f06b48c3b13b) Importer(815301076,1909f56bfc062723c751e8b465ee728b) [PhysX] Initialized MultithreadedTaskDispatcher with 12 workers.
[PhysX] Initialized MultithreadedTaskDispatcher with 12 workers.
[PhysX] Initialized MultithreadedTaskDispatcher with 12 workers.
 -> (artifact id: 'fb975eddd32e33c2a1b141628c4a6386') in 0.035050 seconds
Number of updated asset objects reloaded before import = 0
Number of asset objects unloaded after import = 10
========================================================================
Received Import Request.
  Time since last request: 0.967109 seconds.
  path: Assets/Polylised - Medieval Desert City/Models/Civilian_Buildings/civilian_bridge_2_c.FBX
  artifactKey: Guid(9320bddde81452349a3c7addb1246399) Importer(815301076,1909f56bfc062723c751e8b465ee728b)
Start importing Assets/Polylised - Medieval Desert City/Models/Civilian_Buildings/civilian_bridge_2_c.FBX using Guid(9320bddde81452349a3c7addb1246399) Importer(815301076,1909f56bfc062723c751e8b465ee728b) [PhysX] Initialized MultithreadedTaskDispatcher with 12 workers.
[PhysX] Initialized MultithreadedTaskDispatcher with 12 workers.
[PhysX] Initialized MultithreadedTaskDispatcher with 12 workers.
 -> (artifact id: '11563f0d9ae3e81f6599089cf72c6dc3') in 0.027092 seconds
Number of updated asset objects reloaded before import = 0
Number of asset objects unloaded after import = 9
========================================================================
Received Import Request.
  Time since last request: 13.212178 seconds.
  path: Assets/Polylised - Medieval Desert City/Models/Civilian_Buildings/civilian_bridge_4_a.FBX
  artifactKey: Guid(c6356bfac01a8674aa31caac26785d2a) Importer(815301076,1909f56bfc062723c751e8b465ee728b)
Start importing Assets/Polylised - Medieval Desert City/Models/Civilian_Buildings/civilian_bridge_4_a.FBX using Guid(c6356bfac01a8674aa31caac26785d2a) Importer(815301076,1909f56bfc062723c751e8b465ee728b) [PhysX] Initialized MultithreadedTaskDispatcher with 12 workers.
[PhysX] Initialized MultithreadedTaskDispatcher with 12 workers.
[PhysX] Initialized MultithreadedTaskDispatcher with 12 workers.
 -> (artifact id: 'aeddf16d83836e8e9da5236a9eda82db') in 0.026188 seconds
Number of updated asset objects reloaded before import = 0
Number of asset objects unloaded after import = 9
========================================================================
Received Import Request.
  Time since last request: 0.347544 seconds.
  path: Assets/Polylised - Medieval Desert City/Models/Civilian_Buildings/civilian_bridge_4_c.FBX
  artifactKey: Guid(901e056a38f72bc428a388fd129b2705) Importer(815301076,1909f56bfc062723c751e8b465ee728b)
Start importing Assets/Polylised - Medieval Desert City/Models/Civilian_Buildings/civilian_bridge_4_c.FBX using Guid(901e056a38f72bc428a388fd129b2705) Importer(815301076,1909f56bfc062723c751e8b465ee728b) [PhysX] Initialized MultithreadedTaskDispatcher with 12 workers.
[PhysX] Initialized MultithreadedTaskDispatcher with 12 workers.
[PhysX] Initialized MultithreadedTaskDispatcher with 12 workers.
 -> (artifact id: '9af10c4eb806b4607f93df5244cc9b15') in 0.026446 seconds
Number of updated asset objects reloaded before import = 0
Number of asset objects unloaded after import = 9
========================================================================
Received Import Request.
  Time since last request: 13.493106 seconds.
  path: Assets/Polylised - Medieval Desert City/Models/Civilian_Buildings/civilian_bridge_4_e.FBX
  artifactKey: Guid(5041d6962e97a484b97caf0c0d9fc74f) Importer(815301076,1909f56bfc062723c751e8b465ee728b)
Start importing Assets/Polylised - Medieval Desert City/Models/Civilian_Buildings/civilian_bridge_4_e.FBX using Guid(5041d6962e97a484b97caf0c0d9fc74f) Importer(815301076,1909f56bfc062723c751e8b465ee728b) [PhysX] Initialized MultithreadedTaskDispatcher with 12 workers.
[PhysX] Initialized MultithreadedTaskDispatcher with 12 workers.
[PhysX] Initialized MultithreadedTaskDispatcher with 12 workers.
 -> (artifact id: '19751ab34ee465ccef3a2f14444ab7c8') in 0.028275 seconds
Number of updated asset objects reloaded before import = 0
Number of asset objects unloaded after import = 9
========================================================================
Received Import Request.
  Time since last request: 0.054424 seconds.
  path: Assets/Polylised - Medieval Desert City/Models/Civilian_Buildings/civilian_house_04.FBX
  artifactKey: Guid(c53c69025e675124ebb2059d55d52c01) Importer(815301076,1909f56bfc062723c751e8b465ee728b)
Start importing Assets/Polylised - Medieval Desert City/Models/Civilian_Buildings/civilian_house_04.FBX using Guid(c53c69025e675124ebb2059d55d52c01) Importer(815301076,1909f56bfc062723c751e8b465ee728b) [PhysX] Initialized MultithreadedTaskDispatcher with 12 workers.
[PhysX] Initialized MultithreadedTaskDispatcher with 12 workers.
[PhysX] Initialized MultithreadedTaskDispatcher with 12 workers.
 -> (artifact id: '889b8b211c1604d5208be44cf714dae4') in 0.026983 seconds
Number of updated asset objects reloaded before import = 0
Number of asset objects unloaded after import = 12
========================================================================
Received Import Request.
  Time since last request: 0.500200 seconds.
  path: Assets/Polylised - Medieval Desert City/Models/Civilian_Buildings/civilian_house_06.FBX
  artifactKey: Guid(0ae1f14bfd70fe44c9b4708bdd0e6a9d) Importer(815301076,1909f56bfc062723c751e8b465ee728b)
Start importing Assets/Polylised - Medieval Desert City/Models/Civilian_Buildings/civilian_house_06.FBX using Guid(0ae1f14bfd70fe44c9b4708bdd0e6a9d) Importer(815301076,1909f56bfc062723c751e8b465ee728b) [PhysX] Initialized MultithreadedTaskDispatcher with 12 workers.
[PhysX] Initialized MultithreadedTaskDispatcher with 12 workers.
[PhysX] Initialized MultithreadedTaskDispatcher with 12 workers.
 -> (artifact id: '6f6d09b6690a9ec268e68fc78d8b45ac') in 0.026296 seconds
Number of updated asset objects reloaded before import = 0
Number of asset objects unloaded after import = 13
========================================================================
Received Import Request.
  Time since last request: 0.072838 seconds.
  path: Assets/Polylised - Medieval Desert City/Models/Civilian_Buildings/civilian_house_10.FBX
  artifactKey: Guid(c725e79c6a634254983a6ebf8bb74303) Importer(815301076,1909f56bfc062723c751e8b465ee728b)
Start importing Assets/Polylised - Medieval Desert City/Models/Civilian_Buildings/civilian_house_10.FBX using Guid(c725e79c6a634254983a6ebf8bb74303) Importer(815301076,1909f56bfc062723c751e8b465ee728b) [PhysX] Initialized MultithreadedTaskDispatcher with 12 workers.
[PhysX] Initialized MultithreadedTaskDispatcher with 12 workers.
[PhysX] Initialized MultithreadedTaskDispatcher with 12 workers.
 -> (artifact id: '610c14a4f0848a4a06d10d8f2e77a3f5') in 0.028278 seconds
Number of updated asset objects reloaded before import = 0
Number of asset objects unloaded after import = 13
========================================================================
Received Import Request.
  Time since last request: 0.515761 seconds.
  path: Assets/Polylised - Medieval Desert City/Models/Civilian_Buildings/civilian_house_12.FBX
  artifactKey: Guid(56ab7cfdf48679145a23a37a856ed8bd) Importer(815301076,1909f56bfc062723c751e8b465ee728b)
Start importing Assets/Polylised - Medieval Desert City/Models/Civilian_Buildings/civilian_house_12.FBX using Guid(56ab7cfdf48679145a23a37a856ed8bd) Importer(815301076,1909f56bfc062723c751e8b465ee728b) [PhysX] Initialized MultithreadedTaskDispatcher with 12 workers.
[PhysX] Initialized MultithreadedTaskDispatcher with 12 workers.
[PhysX] Initialized MultithreadedTaskDispatcher with 12 workers.
 -> (artifact id: '47d57145c958ad00448dd04e71208949') in 0.026265 seconds
Number of updated asset objects reloaded before import = 0
Number of asset objects unloaded after import = 13
========================================================================
Received Import Request.
  Time since last request: 0.056773 seconds.
  path: Assets/Polylised - Medieval Desert City/Models/Civilian_Buildings/civilian_house_16.FBX
  artifactKey: Guid(8bacce5348b36e84f8d17d9354bb9f2a) Importer(815301076,1909f56bfc062723c751e8b465ee728b)
Start importing Assets/Polylised - Medieval Desert City/Models/Civilian_Buildings/civilian_house_16.FBX using Guid(8bacce5348b36e84f8d17d9354bb9f2a) Importer(815301076,1909f56bfc062723c751e8b465ee728b) [PhysX] Initialized MultithreadedTaskDispatcher with 12 workers.
[PhysX] Initialized MultithreadedTaskDispatcher with 12 workers.
[PhysX] Initialized MultithreadedTaskDispatcher with 12 workers.
 -> (artifact id: '0b87e6d7de4da4ef3b10574e62f80440') in 0.026851 seconds
Number of updated asset objects reloaded before import = 0
Number of asset objects unloaded after import = 16
========================================================================
Received Import Request.
  Time since last request: 0.417702 seconds.
  path: Assets/Polylised - Medieval Desert City/Models/Civilian_Buildings/civilian_house_19.FBX
  artifactKey: Guid(f5bd71c663c59fc4f8ba6c88005057a0) Importer(815301076,1909f56bfc062723c751e8b465ee728b)
Start importing Assets/Polylised - Medieval Desert City/Models/Civilian_Buildings/civilian_house_19.FBX using Guid(f5bd71c663c59fc4f8ba6c88005057a0) Importer(815301076,1909f56bfc062723c751e8b465ee728b) [PhysX] Initialized MultithreadedTaskDispatcher with 12 workers.
[PhysX] Initialized MultithreadedTaskDispatcher with 12 workers.
[PhysX] Initialized MultithreadedTaskDispatcher with 12 workers.
 -> (artifact id: 'd9b8d98dfb33ed00cad1569b412131e2') in 0.028265 seconds
Number of updated asset objects reloaded before import = 0
Number of asset objects unloaded after import = 14
========================================================================
Received Import Request.
  Time since last request: 0.054886 seconds.
  path: Assets/Polylised - Medieval Desert City/Models/Civilian_Buildings/civilian_house_21.FBX
  artifactKey: Guid(b5eadb870bc70804cb82f3ddb78276c4) Importer(815301076,1909f56bfc062723c751e8b465ee728b)
Start importing Assets/Polylised - Medieval Desert City/Models/Civilian_Buildings/civilian_house_21.FBX using Guid(b5eadb870bc70804cb82f3ddb78276c4) Importer(815301076,1909f56bfc062723c751e8b465ee728b) [PhysX] Initialized MultithreadedTaskDispatcher with 12 workers.
[PhysX] Initialized MultithreadedTaskDispatcher with 12 workers.
[PhysX] Initialized MultithreadedTaskDispatcher with 12 workers.
 -> (artifact id: '24af326abfaee2a4da675e5394723199') in 0.023854 seconds
Number of updated asset objects reloaded before import = 0
Number of asset objects unloaded after import = 11
========================================================================
Received Import Request.
  Time since last request: 0.454974 seconds.
  path: Assets/Polylised - Medieval Desert City/Models/Civilian_Buildings/civilian_house_23.FBX
  artifactKey: Guid(7bb1e36b9b9f51947b1552dcccebe6da) Importer(815301076,1909f56bfc062723c751e8b465ee728b)
Start importing Assets/Polylised - Medieval Desert City/Models/Civilian_Buildings/civilian_house_23.FBX using Guid(7bb1e36b9b9f51947b1552dcccebe6da) Importer(815301076,1909f56bfc062723c751e8b465ee728b) [PhysX] Initialized MultithreadedTaskDispatcher with 12 workers.
[PhysX] Initialized MultithreadedTaskDispatcher with 12 workers.
[PhysX] Initialized MultithreadedTaskDispatcher with 12 workers.
 -> (artifact id: 'e84f00b519c50925767dc9b3f97d9329') in 0.024529 seconds
Number of updated asset objects reloaded before import = 0
Number of asset objects unloaded after import = 11
========================================================================
Received Import Request.
  Time since last request: 0.073170 seconds.
  path: Assets/Polylised - Medieval Desert City/Models/Civilian_Buildings/civilian_house_26.FBX
  artifactKey: Guid(7b9223fe5c679f24ea843778af3ec742) Importer(815301076,1909f56bfc062723c751e8b465ee728b)
Start importing Assets/Polylised - Medieval Desert City/Models/Civilian_Buildings/civilian_house_26.FBX using Guid(7b9223fe5c679f24ea843778af3ec742) Importer(815301076,1909f56bfc062723c751e8b465ee728b) [PhysX] Initialized MultithreadedTaskDispatcher with 12 workers.
[PhysX] Initialized MultithreadedTaskDispatcher with 12 workers.
[PhysX] Initialized MultithreadedTaskDispatcher with 12 workers.
 -> (artifact id: '9daf492e245395327d159fb5586ae68b') in 0.025856 seconds
Number of updated asset objects reloaded before import = 0
Number of asset objects unloaded after import = 12
========================================================================
Received Import Request.
  Time since last request: 0.389126 seconds.
  path: Assets/Polylised - Medieval Desert City/Models/Civilian_Buildings/civilian_house_28.FBX
  artifactKey: Guid(c00149a22995e7545be9a600777e16b4) Importer(815301076,1909f56bfc062723c751e8b465ee728b)
Start importing Assets/Polylised - Medieval Desert City/Models/Civilian_Buildings/civilian_house_28.FBX using Guid(c00149a22995e7545be9a600777e16b4) Importer(815301076,1909f56bfc062723c751e8b465ee728b) [PhysX] Initialized MultithreadedTaskDispatcher with 12 workers.
[PhysX] Initialized MultithreadedTaskDispatcher with 12 workers.
[PhysX] Initialized MultithreadedTaskDispatcher with 12 workers.
 -> (artifact id: '0d0e4bcba88390402234c65475e950a1') in 0.026963 seconds
Number of updated asset objects reloaded before import = 0
Number of asset objects unloaded after import = 12
========================================================================
Received Import Request.
  Time since last request: 0.046020 seconds.
  path: Assets/Polylised - Medieval Desert City/Models/Civilian_Buildings/civilian_house_30_a.FBX
  artifactKey: Guid(4d8e23f622532554781818f9f375f43d) Importer(815301076,1909f56bfc062723c751e8b465ee728b)
Start importing Assets/Polylised - Medieval Desert City/Models/Civilian_Buildings/civilian_house_30_a.FBX using Guid(4d8e23f622532554781818f9f375f43d) Importer(815301076,1909f56bfc062723c751e8b465ee728b) [PhysX] Initialized MultithreadedTaskDispatcher with 12 workers.
[PhysX] Initialized MultithreadedTaskDispatcher with 12 workers.
[PhysX] Initialized MultithreadedTaskDispatcher with 12 workers.
 -> (artifact id: 'ed6765ddb36e44f114cf888f5573aa54') in 0.024265 seconds
Number of updated asset objects reloaded before import = 0
Number of asset objects unloaded after import = 12
========================================================================
Received Import Request.
  Time since last request: 0.459366 seconds.
  path: Assets/Polylised - Medieval Desert City/Models/Civilian_Buildings/civilian_house_30_e.FBX
  artifactKey: Guid(6613430883563694a83a5815635299c6) Importer(815301076,1909f56bfc062723c751e8b465ee728b)
Start importing Assets/Polylised - Medieval Desert City/Models/Civilian_Buildings/civilian_house_30_e.FBX using Guid(6613430883563694a83a5815635299c6) Importer(815301076,1909f56bfc062723c751e8b465ee728b) [PhysX] Initialized MultithreadedTaskDispatcher with 12 workers.
[PhysX] Initialized MultithreadedTaskDispatcher with 12 workers.
[PhysX] Initialized MultithreadedTaskDispatcher with 12 workers.
 -> (artifact id: '29c2026af650751836d0fb7b6034bdfe') in 0.025381 seconds
Number of updated asset objects reloaded before import = 0
Number of asset objects unloaded after import = 13
========================================================================
Received Import Request.
  Time since last request: 0.053356 seconds.
  path: Assets/Polylised - Medieval Desert City/Models/Civilian_Buildings/civilian_house_30_g.FBX
  artifactKey: Guid(b135ccb94c54ece4eaefacb0c5c8fff6) Importer(815301076,1909f56bfc062723c751e8b465ee728b)
Start importing Assets/Polylised - Medieval Desert City/Models/Civilian_Buildings/civilian_house_30_g.FBX using Guid(b135ccb94c54ece4eaefacb0c5c8fff6) Importer(815301076,1909f56bfc062723c751e8b465ee728b) [PhysX] Initialized MultithreadedTaskDispatcher with 12 workers.
[PhysX] Initialized MultithreadedTaskDispatcher with 12 workers.
[PhysX] Initialized MultithreadedTaskDispatcher with 12 workers.
 -> (artifact id: '86ac2b651f6ff792627cb885309fcbba') in 0.026667 seconds
Number of updated asset objects reloaded before import = 0
Number of asset objects unloaded after import = 12
========================================================================
Received Import Request.
  Time since last request: 11.356139 seconds.
  path: Assets/Polylised - Medieval Desert City/Models/Civilian_Buildings/civilian_house_31_d.FBX
  artifactKey: Guid(183e1fef770125b408b23b1202205148) Importer(815301076,1909f56bfc062723c751e8b465ee728b)
Start importing Assets/Polylised - Medieval Desert City/Models/Civilian_Buildings/civilian_house_31_d.FBX using Guid(183e1fef770125b408b23b1202205148) Importer(815301076,1909f56bfc062723c751e8b465ee728b) [PhysX] Initialized MultithreadedTaskDispatcher with 12 workers.
[PhysX] Initialized MultithreadedTaskDispatcher with 12 workers.
[PhysX] Initialized MultithreadedTaskDispatcher with 12 workers.
 -> (artifact id: '8579ccfeccfecc90383ad70c3e6c9e04') in 0.027478 seconds
Number of updated asset objects reloaded before import = 0
Number of asset objects unloaded after import = 12
========================================================================
Received Import Request.
  Time since last request: 0.294531 seconds.
  path: Assets/Polylised - Medieval Desert City/Models/Civilian_Buildings/civilian_house_31_h.FBX
  artifactKey: Guid(984cf2bd38a397543aabe390bffe1f76) Importer(815301076,1909f56bfc062723c751e8b465ee728b)
Start importing Assets/Polylised - Medieval Desert City/Models/Civilian_Buildings/civilian_house_31_h.FBX using Guid(984cf2bd38a397543aabe390bffe1f76) Importer(815301076,1909f56bfc062723c751e8b465ee728b) [PhysX] Initialized MultithreadedTaskDispatcher with 12 workers.
[PhysX] Initialized MultithreadedTaskDispatcher with 12 workers.
[PhysX] Initialized MultithreadedTaskDispatcher with 12 workers.
 -> (artifact id: 'aa3f6704ffaf27c2879b8b8230423e98') in 0.029198 seconds
Number of updated asset objects reloaded before import = 0
Number of asset objects unloaded after import = 12
========================================================================
Received Import Request.
  Time since last request: 0.052735 seconds.
  path: Assets/Polylised - Medieval Desert City/Models/Civilian_Buildings/civilian_house_32_d.FBX
  artifactKey: Guid(4274de0396032714aa84b82c619c95d2) Importer(815301076,1909f56bfc062723c751e8b465ee728b)
Start importing Assets/Polylised - Medieval Desert City/Models/Civilian_Buildings/civilian_house_32_d.FBX using Guid(4274de0396032714aa84b82c619c95d2) Importer(815301076,1909f56bfc062723c751e8b465ee728b) [PhysX] Initialized MultithreadedTaskDispatcher with 12 workers.
[PhysX] Initialized MultithreadedTaskDispatcher with 12 workers.
[PhysX] Initialized MultithreadedTaskDispatcher with 12 workers.
 -> (artifact id: 'b97157db60ca8650ce2d196cfef59da3') in 0.029917 seconds
Number of updated asset objects reloaded before import = 0
Number of asset objects unloaded after import = 13
Editor requested this worker to shutdown with reason: Scaling down because of idle timeout
TcpMessagingSession - receive error: operation aborted. errorcode: 995, details: XbhIAvP[VvAI/O ~B
AssetImportWorker is now disconnected from the server
Process exiting
Exiting without the bug reporter. Application will terminate with return code 0